[1106/005116.489:ERROR:process_reader_win.cc(123)] NtOpenThread: {Acceso denegado} Un proceso ha solicitado acceso a un objeto, pero no se le han concedido esos derechos de acceso. (0xc0000022)
[1106/005116.497:ERROR:exception_snapshot_win.cc(99)] thread ID 11808 not found in process
[1106/005116.571:ERROR:process_reader_win.cc(123)] NtOpenThread: {Acceso denegado} Un proceso ha solicitado acceso a un objeto, pero no se le han concedido esos derechos de acceso. (0xc0000022)
[1106/005116.571:ERROR:exception_snapshot_win.cc(99)] thread ID 12640 not found in process
[1106/005116.658:ERROR:process_reader_win.cc(123)] NtOpenThread: {Acceso denegado} Un proceso ha solicitado acceso a un objeto, pero no se le han concedido esos derechos de acceso. (0xc0000022)
[1106/005116.658:ERROR:exception_snapshot_win.cc(99)] thread ID 12940 not found in process
[1106/005116.784:ERROR:process_reader_win.cc(123)] NtOpenThread: {Acceso denegado} Un proceso ha solicitado acceso a un objeto, pero no se le han concedido esos derechos de acceso. (0xc0000022)
[1106/005116.784:ERROR:exception_snapshot_win.cc(99)] thread ID 2964 not found in process
[1106/005116.931:ERROR:process_reader_win.cc(123)] NtOpenThread: {Acceso denegado} Un proceso ha solicitado acceso a un objeto, pero no se le han concedido esos derechos de acceso. (0xc0000022)
[1106/005116.931:ERROR:exception_snapshot_win.cc(99)] thread ID 10364 not found in process
[1106/011059.307:ERROR:process_reader_win.cc(123)] NtOpenThread: {Acceso denegado} Un proceso ha solicitado acceso a un objeto, pero no se le han concedido esos derechos de acceso. (0xc0000022)
[1106/011059.309:ERROR:exception_snapshot_win.cc(99)] thread ID 11592 not found in process
[1106/011059.367:ERROR:process_reader_win.cc(123)] NtOpenThread: {Acceso denegado} Un proceso ha solicitado acceso a un objeto, pero no se le han concedido esos derechos de acceso. (0xc0000022)
[1106/011059.367:ERROR:exception_snapshot_win.cc(99)] thread ID 12332 not found in process
[1106/011059.461:ERROR:process_reader_win.cc(123)] NtOpenThread: {Acceso denegado} Un proceso ha solicitado acceso a un objeto, pero no se le han concedido esos derechos de acceso. (0xc0000022)
[1106/011059.461:ERROR:exception_snapshot_win.cc(99)] thread ID 1536 not found in process
[1106/011059.584:ERROR:process_reader_win.cc(123)] NtOpenThread: {Acceso denegado} Un proceso ha solicitado acceso a un objeto, pero no se le han concedido esos derechos de acceso. (0xc0000022)
[1106/011059.584:ERROR:exception_snapshot_win.cc(99)] thread ID 9708 not found in process
[1106/011059.751:ERROR:process_reader_win.cc(123)] NtOpenThread: {Acceso denegado} Un proceso ha solicitado acceso a un objeto, pero no se le han concedido esos derechos de acceso. (0xc0000022)
[1106/011059.751:ERROR:exception_snapshot_win.cc(99)] thread ID 11076 not found in process
[1106/011059.828:ERROR:process_reader_win.cc(123)] NtOpenThread: {Acceso denegado} Un proceso ha solicitado acceso a un objeto, pero no se le han concedido esos derechos de acceso. (0xc0000022)
[1106/011059.829:ERROR:exception_snapshot_win.cc(99)] thread ID 10540 not found in process
[1106/011059.884:ERROR:process_reader_win.cc(123)] NtOpenThread: {Acceso denegado} Un proceso ha solicitado acceso a un objeto, pero no se le han concedido esos derechos de acceso. (0xc0000022)
[1106/011059.884:ERROR:exception_snapshot_win.cc(99)] thread ID 5568 not found in process
[1106/011059.977:ERROR:process_reader_win.cc(123)] NtOpenThread: {Acceso denegado} Un proceso ha solicitado acceso a un objeto, pero no se le han concedido esos derechos de acceso. (0xc0000022)
[1106/011059.977:ERROR:exception_snapshot_win.cc(99)] thread ID 2124 not found in process
[1106/011100.061:ERROR:process_reader_win.cc(123)] NtOpenThread: {Acceso denegado} Un proceso ha solicitado acceso a un objeto, pero no se le han concedido esos derechos de acceso. (0xc0000022)
[1106/011100.061:ERROR:exception_snapshot_win.cc(99)] thread ID 12352 not found in process
[1106/011100.252:ERROR:process_reader_win.cc(123)] NtOpenThread: {Acceso denegado} Un proceso ha solicitado acceso a un objeto, pero no se le han concedido esos derechos de acceso. (0xc0000022)
[1106/011100.252:ERROR:exception_snapshot_win.cc(99)] thread ID 12924 not found in process
[1106/014105.546:ERROR:process_reader_win.cc(123)] NtOpenThread: {Acceso denegado} Un proceso ha solicitado acceso a un objeto, pero no se le han concedido esos derechos de acceso. (0xc0000022)
[1106/014105.558:ERROR:exception_snapshot_win.cc(99)] thread ID 11792 not found in process
[1106/014105.617:ERROR:process_reader_win.cc(123)] NtOpenThread: {Acceso denegado} Un proceso ha solicitado acceso a un objeto, pero no se le han concedido esos derechos de acceso. (0xc0000022)
[1106/014105.617:ERROR:exception_snapshot_win.cc(99)] thread ID 10248 not found in process
[1106/014105.703:ERROR:process_reader_win.cc(123)] NtOpenThread: {Acceso denegado} Un proceso ha solicitado acceso a un objeto, pero no se le han concedido esos derechos de acceso. (0xc0000022)
[1106/014105.703:ERROR:exception_snapshot_win.cc(99)] thread ID 6884 not found in process
[1106/014105.800:ERROR:process_reader_win.cc(123)] NtOpenThread: {Acceso denegado} Un proceso ha solicitado acceso a un objeto, pero no se le han concedido esos derechos de acceso. (0xc0000022)
[1106/014105.800:ERROR:exception_snapshot_win.cc(99)] thread ID 9976 not found in process
[1106/014106.019:ERROR:process_reader_win.cc(123)] NtOpenThread: {Acceso denegado} Un proceso ha solicitado acceso a un objeto, pero no se le han concedido esos derechos de acceso. (0xc0000022)
[1106/014106.020:ERROR:exception_snapshot_win.cc(99)] thread ID 9088 not found in process
[1106/014253.655:ERROR:process_reader_win.cc(123)] NtOpenThread: {Acceso denegado} Un proceso ha solicitado acceso a un objeto, pero no se le han concedido esos derechos de acceso. (0xc0000022)
[1106/014253.656:ERROR:exception_snapshot_win.cc(99)] thread ID 9184 not found in process
[1106/014253.727:ERROR:process_reader_win.cc(123)] NtOpenThread: {Acceso denegado} Un proceso ha solicitado acceso a un objeto, pero no se le han concedido esos derechos de acceso. (0xc0000022)
[1106/014253.727:ERROR:exception_snapshot_win.cc(99)] thread ID 10564 not found in process
[1106/014253.839:ERROR:process_reader_win.cc(123)] NtOpenThread: {Acceso denegado} Un proceso ha solicitado acceso a un objeto, pero no se le han concedido esos derechos de acceso. (0xc0000022)
[1106/014253.840:ERROR:exception_snapshot_win.cc(99)] thread ID 12588 not found in process
[1106/014253.997:ERROR:process_reader_win.cc(123)] NtOpenThread: {Acceso denegado} Un proceso ha solicitado acceso a un objeto, pero no se le han concedido esos derechos de acceso. (0xc0000022)
[1106/014253.997:ERROR:exception_snapshot_win.cc(99)] thread ID 11224 not found in process
[1106/014254.087:ERROR:process_reader_win.cc(123)] NtOpenThread: {Acceso denegado} Un proceso ha solicitado acceso a un objeto, pero no se le han concedido esos derechos de acceso. (0xc0000022)
[1106/014254.087:ERROR:exception_snapshot_win.cc(99)] thread ID 2888 not found in process
[1106/014444.561:ERROR:process_reader_win.cc(123)] NtOpenThread: {Acceso denegado} Un proceso ha solicitado acceso a un objeto, pero no se le han concedido esos derechos de acceso. (0xc0000022)
[1106/014444.562:ERROR:exception_snapshot_win.cc(99)] thread ID 10868 not found in process
[1106/014444.629:ERROR:process_reader_win.cc(123)] NtOpenThread: {Acceso denegado} Un proceso ha solicitado acceso a un objeto, pero no se le han concedido esos derechos de acceso. (0xc0000022)
[1106/014444.629:ERROR:exception_snapshot_win.cc(99)] thread ID 12324 not found in process
[1106/014444.735:ERROR:process_reader_win.cc(123)] NtOpenThread: {Acceso denegado} Un proceso ha solicitado acceso a un objeto, pero no se le han concedido esos derechos de acceso. (0xc0000022)
[1106/014444.735:ERROR:exception_snapshot_win.cc(99)] thread ID 5800 not found in process
[1106/014444.815:ERROR:process_reader_win.cc(123)] NtOpenThread: {Acceso denegado} Un proceso ha solicitado acceso a un objeto, pero no se le han concedido esos derechos de acceso. (0xc0000022)
[1106/014444.816:ERROR:exception_snapshot_win.cc(99)] thread ID 9212 not found in process
[1106/014444.999:ERROR:process_reader_win.cc(123)] NtOpenThread: {Acceso denegado} Un proceso ha solicitado acceso a un objeto, pero no se le han concedido esos derechos de acceso. (0xc0000022)
[1106/014444.999:ERROR:exception_snapshot_win.cc(99)] thread ID 11456 not found in process
[1106/020605.973:ERROR:process_reader_win.cc(123)] NtOpenThread: {Acceso denegado} Un proceso ha solicitado acceso a un objeto, pero no se le han concedido esos derechos de acceso. (0xc0000022)
[1106/020605.974:ERROR:exception_snapshot_win.cc(99)] thread ID 12932 not found in process
[1106/020606.030:ERROR:process_reader_win.cc(123)] NtOpenThread: {Acceso denegado} Un proceso ha solicitado acceso a un objeto, pero no se le han concedido esos derechos de acceso. (0xc0000022)
[1106/020606.030:ERROR:exception_snapshot_win.cc(99)] thread ID 6716 not found in process
[1106/020606.142:ERROR:process_reader_win.cc(123)] NtOpenThread: {Acceso denegado} Un proceso ha solicitado acceso a un objeto, pero no se le han concedido esos derechos de acceso. (0xc0000022)
[1106/020606.142:ERROR:exception_snapshot_win.cc(99)] thread ID 11892 not found in process
[1106/020606.269:ERROR:process_reader_win.cc(151)] SuspendThread: Acceso denegado. (0x5)
[1106/020606.270:ERROR:process_reader_win.cc(123)] NtOpenThread: {Acceso denegado} Un proceso ha solicitado acceso a un objeto, pero no se le han concedido esos derechos de acceso. (0xc0000022)
[1106/020606.270:ERROR:exception_snapshot_win.cc(99)] thread ID 10892 not found in process
[1106/020606.361:ERROR:process_reader_win.cc(123)] NtOpenThread: {Acceso denegado} Un proceso ha solicitado acceso a un objeto, pero no se le han concedido esos derechos de acceso. (0xc0000022)
[1106/020606.361:ERROR:exception_snapshot_win.cc(99)] thread ID 3080 not found in process
[1106/020812.955:ERROR:process_reader_win.cc(123)] NtOpenThread: {Acceso denegado} Un proceso ha solicitado acceso a un objeto, pero no se le han concedido esos derechos de acceso. (0xc0000022)
[1106/020812.956:ERROR:exception_snapshot_win.cc(99)] thread ID 5440 not found in process
[1106/020813.029:ERROR:process_reader_win.cc(123)] NtOpenThread: {Acceso denegado} Un proceso ha solicitado acceso a un objeto, pero no se le han concedido esos derechos de acceso. (0xc0000022)
[1106/020813.029:ERROR:exception_snapshot_win.cc(99)] thread ID 12348 not found in process
[1106/020813.161:ERROR:process_reader_win.cc(151)] SuspendThread: Acceso denegado. (0x5)
[1106/020813.161:ERROR:process_reader_win.cc(151)] SuspendThread: Acceso denegado. (0x5)
[1106/020813.161:ERROR:process_reader_win.cc(123)] NtOpenThread: {Acceso denegado} Un proceso ha solicitado acceso a un objeto, pero no se le han concedido esos derechos de acceso. (0xc0000022)
[1106/020813.161:ERROR:exception_snapshot_win.cc(99)] thread ID 13076 not found in process
[1106/020813.228:ERROR:process_reader_win.cc(123)] NtOpenThread: {Acceso denegado} Un proceso ha solicitado acceso a un objeto, pero no se le han concedido esos derechos de acceso. (0xc0000022)
[1106/020813.228:ERROR:exception_snapshot_win.cc(99)] thread ID 10932 not found in process
[1106/020813.303:ERROR:process_reader_win.cc(123)] NtOpenThread: {Acceso denegado} Un proceso ha solicitado acceso a un objeto, pero no se le han concedido esos derechos de acceso. (0xc0000022)
[1106/020813.303:ERROR:exception_snapshot_win.cc(99)] thread ID 5804 not found in process
[1106/021405.377:ERROR:process_reader_win.cc(123)] NtOpenThread: {Acceso denegado} Un proceso ha solicitado acceso a un objeto, pero no se le han concedido esos derechos de acceso. (0xc0000022)
[1106/021405.379:ERROR:exception_snapshot_win.cc(99)] thread ID 6924 not found in process
[1106/021405.525:ERROR:process_reader_win.cc(123)] NtOpenThread: {Acceso denegado} Un proceso ha solicitado acceso a un objeto, pero no se le han concedido esos derechos de acceso. (0xc0000022)
[1106/021405.525:ERROR:exception_snapshot_win.cc(99)] thread ID 13240 not found in process
[1106/021405.671:ERROR:process_reader_win.cc(123)] NtOpenThread: {Acceso denegado} Un proceso ha solicitado acceso a un objeto, pero no se le han concedido esos derechos de acceso. (0xc0000022)
[1106/021405.672:ERROR:exception_snapshot_win.cc(99)] thread ID 5368 not found in process
[1106/021405.776:ERROR:process_reader_win.cc(123)] NtOpenThread: {Acceso denegado} Un proceso ha solicitado acceso a un objeto, pero no se le han concedido esos derechos de acceso. (0xc0000022)
[1106/021405.777:ERROR:exception_snapshot_win.cc(99)] thread ID 11240 not found in process
[1106/021406.047:ERROR:process_reader_win.cc(123)] NtOpenThread: {Acceso denegado} Un proceso ha solicitado acceso a un objeto, pero no se le han concedido esos derechos de acceso. (0xc0000022)
[1106/021406.047:ERROR:exception_snapshot_win.cc(99)] thread ID 11660 not found in process
[1106/021406.154:ERROR:process_reader_win.cc(123)] NtOpenThread: {Acceso denegado} Un proceso ha solicitado acceso a un objeto, pero no se le han concedido esos derechos de acceso. (0xc0000022)
[1106/021406.155:ERROR:exception_snapshot_win.cc(99)] thread ID 6596 not found in process
[1106/021406.231:ERROR:process_reader_win.cc(123)] NtOpenThread: {Acceso denegado} Un proceso ha solicitado acceso a un objeto, pero no se le han concedido esos derechos de acceso. (0xc0000022)
[1106/021406.231:ERROR:exception_snapshot_win.cc(99)] thread ID 9480 not found in process
[1106/021406.353:ERROR:process_reader_win.cc(123)] NtOpenThread: {Acceso denegado} Un proceso ha solicitado acceso a un objeto, pero no se le han concedido esos derechos de acceso. (0xc0000022)
[1106/021406.353:ERROR:exception_snapshot_win.cc(99)] thread ID 12640 not found in process
[1106/021406.454:ERROR:process_reader_win.cc(123)] NtOpenThread: {Acceso denegado} Un proceso ha solicitado acceso a un objeto, pero no se le han concedido esos derechos de acceso. (0xc0000022)
[1106/021406.454:ERROR:exception_snapshot_win.cc(99)] thread ID 9752 not found in process
[1106/021406.614:ERROR:process_reader_win.cc(123)] NtOpenThread: {Acceso denegado} Un proceso ha solicitado acceso a un objeto, pero no se le han concedido esos derechos de acceso. (0xc0000022)
[1106/021406.614:ERROR:exception_snapshot_win.cc(99)] thread ID 4680 not found in process
[1106/021707.622:ERROR:process_reader_win.cc(123)] NtOpenThread: {Acceso denegado} Un proceso ha solicitado acceso a un objeto, pero no se le han concedido esos derechos de acceso. (0xc0000022)
[1106/021707.624:ERROR:exception_snapshot_win.cc(99)] thread ID 11684 not found in process
[1106/021707.702:ERROR:process_reader_win.cc(123)] NtOpenThread: {Acceso denegado} Un proceso ha solicitado acceso a un objeto, pero no se le han concedido esos derechos de acceso. (0xc0000022)
[1106/021707.702:ERROR:exception_snapshot_win.cc(99)] thread ID 1536 not found in process
[1106/021707.818:ERROR:process_reader_win.cc(123)] NtOpenThread: {Acceso denegado} Un proceso ha solicitado acceso a un objeto, pero no se le han concedido esos derechos de acceso. (0xc0000022)
[1106/021707.818:ERROR:exception_snapshot_win.cc(99)] thread ID 13280 not found in process
[1106/021707.910:ERROR:process_reader_win.cc(151)] SuspendThread: Acceso denegado. (0x5)
[1106/021707.910:ERROR:process_reader_win.cc(151)] SuspendThread: Acceso denegado. (0x5)
[1106/021707.910:ERROR:process_reader_win.cc(151)] SuspendThread: Acceso denegado. (0x5)
[1106/021707.910:ERROR:process_reader_win.cc(151)] SuspendThread: Acceso denegado. (0x5)
[1106/021707.910:ERROR:process_reader_win.cc(123)] NtOpenThread: {Acceso denegado} Un proceso ha solicitado acceso a un objeto, pero no se le han concedido esos derechos de acceso. (0xc0000022)
[1106/021707.910:ERROR:exception_snapshot_win.cc(99)] thread ID 12300 not found in process
[1106/021707.999:ERROR:process_reader_win.cc(123)] NtOpenThread: {Acceso denegado} Un proceso ha solicitado acceso a un objeto, pero no se le han concedido esos derechos de acceso. (0xc0000022)
[1106/021707.999:ERROR:exception_snapshot_win.cc(99)] thread ID 10476 not found in process
[1106/021708.087:ERROR:process_reader_win.cc(123)] NtOpenThread: {Acceso denegado} Un proceso ha solicitado acceso a un objeto, pero no se le han concedido esos derechos de acceso. (0xc0000022)
[1106/021708.089:ERROR:exception_snapshot_win.cc(99)] thread ID 10236 not found in process
[1106/021708.158:ERROR:process_reader_win.cc(123)] NtOpenThread: {Acceso denegado} Un proceso ha solicitado acceso a un objeto, pero no se le han concedido esos derechos de acceso. (0xc0000022)
[1106/021708.158:ERROR:exception_snapshot_win.cc(99)] thread ID 9572 not found in process
[1106/021708.256:ERROR:process_reader_win.cc(123)] NtOpenThread: {Acceso denegado} Un proceso ha solicitado acceso a un objeto, pero no se le han concedido esos derechos de acceso. (0xc0000022)
[1106/021708.257:ERROR:exception_snapshot_win.cc(99)] thread ID 8604 not found in process
[1106/021708.397:ERROR:process_reader_win.cc(123)] NtOpenThread: {Acceso denegado} Un proceso ha solicitado acceso a un objeto, pero no se le han concedido esos derechos de acceso. (0xc0000022)
[1106/021708.398:ERROR:exception_snapshot_win.cc(99)] thread ID 10760 not found in process
[1106/021708.467:ERROR:process_reader_win.cc(123)] NtOpenThread: {Acceso denegado} Un proceso ha solicitado acceso a un objeto, pero no se le han concedido esos derechos de acceso. (0xc0000022)
[1106/021708.467:ERROR:exception_snapshot_win.cc(99)] thread ID 12040 not found in process
[1106/021900.807:ERROR:process_reader_win.cc(123)] NtOpenThread: {Acceso denegado} Un proceso ha solicitado acceso a un objeto, pero no se le han concedido esos derechos de acceso. (0xc0000022)
[1106/021900.808:ERROR:exception_snapshot_win.cc(99)] thread ID 12976 not found in process
[1106/021900.879:ERROR:process_reader_win.cc(123)] NtOpenThread: {Acceso denegado} Un proceso ha solicitado acceso a un objeto, pero no se le han concedido esos derechos de acceso. (0xc0000022)
[1106/021900.879:ERROR:exception_snapshot_win.cc(99)] thread ID 9168 not found in process
[1106/021900.994:ERROR:process_reader_win.cc(123)] NtOpenThread: {Acceso denegado} Un proceso ha solicitado acceso a un objeto, pero no se le han concedido esos derechos de acceso. (0xc0000022)
[1106/021900.994:ERROR:exception_snapshot_win.cc(99)] thread ID 12408 not found in process
[1106/021901.085:ERROR:process_reader_win.cc(123)] NtOpenThread: {Acceso denegado} Un proceso ha solicitado acceso a un objeto, pero no se le han concedido esos derechos de acceso. (0xc0000022)
[1106/021901.085:ERROR:exception_snapshot_win.cc(99)] thread ID 12012 not found in process
[1106/021901.289:ERROR:process_reader_win.cc(123)] NtOpenThread: {Acceso denegado} Un proceso ha solicitado acceso a un objeto, pero no se le han concedido esos derechos de acceso. (0xc0000022)
[1106/021901.289:ERROR:exception_snapshot_win.cc(99)] thread ID 11344 not found in process
[1106/023010.466:ERROR:process_reader_win.cc(151)] SuspendThread: Acceso denegado. (0x5)
[1106/023010.468:ERROR:process_reader_win.cc(151)] SuspendThread: Acceso denegado. (0x5)
[1106/023010.468:ERROR:process_reader_win.cc(151)] SuspendThread: Acceso denegado. (0x5)
[1106/023010.468:ERROR:process_reader_win.cc(151)] SuspendThread: Acceso denegado. (0x5)
[1106/023010.468:ERROR:process_reader_win.cc(123)] NtOpenThread: {Acceso denegado} Un proceso ha solicitado acceso a un objeto, pero no se le han concedido esos derechos de acceso. (0xc0000022)
[1106/023010.468:ERROR:exception_snapshot_win.cc(99)] thread ID 14208 not found in process
[1106/023010.549:ERROR:process_reader_win.cc(123)] NtOpenThread: {Acceso denegado} Un proceso ha solicitado acceso a un objeto, pero no se le han concedido esos derechos de acceso. (0xc0000022)
[1106/023010.549:ERROR:exception_snapshot_win.cc(99)] thread ID 11428 not found in process
[1106/023010.658:ERROR:process_reader_win.cc(123)] NtOpenThread: {Acceso denegado} Un proceso ha solicitado acceso a un objeto, pero no se le han concedido esos derechos de acceso. (0xc0000022)
[1106/023010.658:ERROR:exception_snapshot_win.cc(99)] thread ID 12980 not found in process
[1106/023010.740:ERROR:process_reader_win.cc(123)] NtOpenThread: {Acceso denegado} Un proceso ha solicitado acceso a un objeto, pero no se le han concedido esos derechos de acceso. (0xc0000022)
[1106/023010.740:ERROR:exception_snapshot_win.cc(99)] thread ID 4308 not found in process
[1106/023010.954:ERROR:process_reader_win.cc(123)] NtOpenThread: {Acceso denegado} Un proceso ha solicitado acceso a un objeto, pero no se le han concedido esos derechos de acceso. (0xc0000022)
[1106/023010.954:ERROR:exception_snapshot_win.cc(99)] thread ID 3748 not found in process
[1106/023701.775:ERROR:process_reader_win.cc(123)] NtOpenThread: {Acceso denegado} Un proceso ha solicitado acceso a un objeto, pero no se le han concedido esos derechos de acceso. (0xc0000022)
[1106/023701.778:ERROR:exception_snapshot_win.cc(99)] thread ID 8132 not found in process
[1106/023701.783:ERROR:process_reader_win.cc(151)] SuspendThread: Acceso denegado. (0x5)
[1106/023701.784:ERROR:process_reader_win.cc(123)] NtOpenThread: {Acceso denegado} Un proceso ha solicitado acceso a un objeto, pero no se le han concedido esos derechos de acceso. (0xc0000022)
[1106/023701.784:ERROR:exception_snapshot_win.cc(99)] thread ID 9432 not found in process
[1106/023701.787:ERROR:process_reader_win.cc(123)] NtOpenThread: {Acceso denegado} Un proceso ha solicitado acceso a un objeto, pero no se le han concedido esos derechos de acceso. (0xc0000022)
[1106/023701.787:ERROR:exception_snapshot_win.cc(99)] thread ID 13624 not found in process
[1106/023701.799:ERROR:process_reader_win.cc(123)] NtOpenThread: {Acceso denegado} Un proceso ha solicitado acceso a un objeto, pero no se le han concedido esos derechos de acceso. (0xc0000022)
[1106/023701.799:ERROR:exception_snapshot_win.cc(99)] thread ID 14200 not found in process
[1106/023701.875:ERROR:process_reader_win.cc(123)] NtOpenThread: {Acceso denegado} Un proceso ha solicitado acceso a un objeto, pero no se le han concedido esos derechos de acceso. (0xc0000022)
[1106/023701.875:ERROR:exception_snapshot_win.cc(99)] thread ID 12860 not found in process
[1106/024521.877:ERROR:process_reader_win.cc(123)] NtOpenThread: {Acceso denegado} Un proceso ha solicitado acceso a un objeto, pero no se le han concedido esos derechos de acceso. (0xc0000022)
[1106/024521.880:ERROR:exception_snapshot_win.cc(99)] thread ID 8068 not found in process
[1106/024521.955:ERROR:process_reader_win.cc(123)] NtOpenThread: {Acceso denegado} Un proceso ha solicitado acceso a un objeto, pero no se le han concedido esos derechos de acceso. (0xc0000022)
[1106/024521.955:ERROR:exception_snapshot_win.cc(99)] thread ID 12624 not found in process
[1106/024522.063:ERROR:process_reader_win.cc(123)] NtOpenThread: {Acceso denegado} Un proceso ha solicitado acceso a un objeto, pero no se le han concedido esos derechos de acceso. (0xc0000022)
[1106/024522.063:ERROR:exception_snapshot_win.cc(99)] thread ID 13956 not found in process
[1106/024522.163:ERROR:process_reader_win.cc(123)] NtOpenThread: {Acceso denegado} Un proceso ha solicitado acceso a un objeto, pero no se le han concedido esos derechos de acceso. (0xc0000022)
[1106/024522.163:ERROR:exception_snapshot_win.cc(99)] thread ID 10132 not found in process
[1106/024522.384:ERROR:process_reader_win.cc(123)] NtOpenThread: {Acceso denegado} Un proceso ha solicitado acceso a un objeto, pero no se le han concedido esos derechos de acceso. (0xc0000022)
[1106/024522.384:ERROR:exception_snapshot_win.cc(99)] thread ID 12600 not found in process
[1106/025726.638:ERROR:directory_reader_win.cc(43)] FindFirstFile: El sistema no puede encontrar la ruta especificada. (0x3)
[1106/034039.570:ERROR:process_reader_win.cc(123)] NtOpenThread: {Acceso denegado} Un proceso ha solicitado acceso a un objeto, pero no se le han concedido esos derechos de acceso. (0xc0000022)
[1106/034039.570:ERROR:exception_snapshot_win.cc(99)] thread ID 12696 not found in process
[1106/034039.632:ERROR:process_reader_win.cc(123)] NtOpenThread: {Acceso denegado} Un proceso ha solicitado acceso a un objeto, pero no se le han concedido esos derechos de acceso. (0xc0000022)
[1106/034039.632:ERROR:exception_snapshot_win.cc(99)] thread ID 5540 not found in process
[1106/034039.729:ERROR:process_reader_win.cc(123)] NtOpenThread: {Acceso denegado} Un proceso ha solicitado acceso a un objeto, pero no se le han concedido esos derechos de acceso. (0xc0000022)
[1106/034039.729:ERROR:exception_snapshot_win.cc(99)] thread ID 7744 not found in process
[1106/034039.956:ERROR:process_reader_win.cc(123)] NtOpenThread: {Acceso denegado} Un proceso ha solicitado acceso a un objeto, pero no se le han concedido esos derechos de acceso. (0xc0000022)
[1106/034039.956:ERROR:exception_snapshot_win.cc(99)] thread ID 7832 not found in process
[1106/034040.101:ERROR:process_reader_win.cc(151)] SuspendThread: Acceso denegado. (0x5)
[1106/034040.102:ERROR:process_reader_win.cc(123)] NtOpenThread: {Acceso denegado} Un proceso ha solicitado acceso a un objeto, pero no se le han concedido esos derechos de acceso. (0xc0000022)
[1106/034040.102:ERROR:exception_snapshot_win.cc(99)] thread ID 10412 not found in process
[1106/235646.807:ERROR:process_reader_win.cc(151)] SuspendThread: Acceso denegado. (0x5)
[1106/235646.838:ERROR:process_reader_win.cc(151)] SuspendThread: Acceso denegado. (0x5)
[1106/235646.838:ERROR:process_reader_win.cc(151)] SuspendThread: Acceso denegado. (0x5)
[1106/235646.838:ERROR:process_reader_win.cc(151)] SuspendThread: Acceso denegado. (0x5)
[1106/235646.838:ERROR:process_reader_win.cc(151)] SuspendThread: Acceso denegado. (0x5)
[1106/235646.838:ERROR:process_reader_win.cc(151)] SuspendThread: Acceso denegado. (0x5)
[1106/235646.838:ERROR:process_reader_win.cc(151)] SuspendThread: Acceso denegado. (0x5)
[1106/235646.837:ERROR:process_reader_win.cc(151)] SuspendThread: Acceso denegado. (0x5)
[1106/235646.838:ERROR:process_reader_win.cc(151)] SuspendThread: Acceso denegado. (0x5)
[1106/235646.838:ERROR:process_reader_win.cc(151)] SuspendThread: Acceso denegado. (0x5)
[1106/235646.838:ERROR:process_reader_win.cc(151)] SuspendThread: Acceso denegado. (0x5)
[1106/235646.808:ERROR:process_reader_win.cc(123)] NtOpenThread: {Acceso denegado} Un proceso ha solicitado acceso a un objeto, pero no se le han concedido esos derechos de acceso. (0xc0000022)
[1106/235646.848:ERROR:exception_snapshot_win.cc(99)] thread ID 11072 not found in process
[1106/235646.884:ERROR:process_reader_win.cc(151)] SuspendThread: Acceso denegado. (0x5)
[1106/235646.884:ERROR:process_reader_win.cc(123)] NtOpenThread: {Acceso denegado} Un proceso ha solicitado acceso a un objeto, pero no se le han concedido esos derechos de acceso. (0xc0000022)
[1106/235646.884:ERROR:exception_snapshot_win.cc(99)] thread ID 5512 not found in process
[1106/235646.888:ERROR:process_reader_win.cc(123)] NtOpenThread: {Acceso denegado} Un proceso ha solicitado acceso a un objeto, pero no se le han concedido esos derechos de acceso. (0xc0000022)
[1106/235646.888:ERROR:exception_snapshot_win.cc(99)] thread ID 4064 not found in process
[1106/235646.838:ERROR:process_reader_win.cc(123)] NtOpenThread: {Acceso denegado} Un proceso ha solicitado acceso a un objeto, pero no se le han concedido esos derechos de acceso. (0xc0000022)
[1106/235646.888:ERROR:exception_snapshot_win.cc(99)] thread ID 9276 not found in process
[1106/235646.838:ERROR:process_reader_win.cc(123)] NtOpenThread: {Acceso denegado} Un proceso ha solicitado acceso a un objeto, pero no se le han concedido esos derechos de acceso. (0xc0000022)
[1106/235646.888:ERROR:exception_snapshot_win.cc(99)] thread ID 11128 not found in process
[1107/001943.115:ERROR:directory_reader_win.cc(43)] FindFirstFile: El sistema no puede encontrar la ruta especificada. (0x3)
[1107/003659.699:ERROR:directory_reader_win.cc(43)] FindFirstFile: El sistema no puede encontrar la ruta especificada. (0x3)
[1107/003930.972:ERROR:process_reader_win.cc(123)] NtOpenThread: {Acceso denegado} Un proceso ha solicitado acceso a un objeto, pero no se le han concedido esos derechos de acceso. (0xc0000022)
[1107/003930.974:ERROR:exception_snapshot_win.cc(99)] thread ID 7036 not found in process
[1107/003931.143:ERROR:process_reader_win.cc(151)] SuspendThread: Acceso denegado. (0x5)
[1107/003931.144:ERROR:process_reader_win.cc(151)] SuspendThread: Acceso denegado. (0x5)
[1107/003931.144:ERROR:process_reader_win.cc(123)] NtOpenThread: {Acceso denegado} Un proceso ha solicitado acceso a un objeto, pero no se le han concedido esos derechos de acceso. (0xc0000022)
[1107/003931.144:ERROR:exception_snapshot_win.cc(99)] thread ID 8384 not found in process
[1107/003931.218:ERROR:process_reader_win.cc(123)] NtOpenThread: {Acceso denegado} Un proceso ha solicitado acceso a un objeto, pero no se le han concedido esos derechos de acceso. (0xc0000022)
[1107/003931.218:ERROR:exception_snapshot_win.cc(99)] thread ID 5088 not found in process
[1107/003931.361:ERROR:process_reader_win.cc(123)] NtOpenThread: {Acceso denegado} Un proceso ha solicitado acceso a un objeto, pero no se le han concedido esos derechos de acceso. (0xc0000022)
[1107/003931.361:ERROR:exception_snapshot_win.cc(99)] thread ID 10836 not found in process
[1107/003931.602:ERROR:process_reader_win.cc(123)] NtOpenThread: {Acceso denegado} Un proceso ha solicitado acceso a un objeto, pero no se le han concedido esos derechos de acceso. (0xc0000022)
[1107/003931.602:ERROR:exception_snapshot_win.cc(99)] thread ID 6876 not found in process
[1107/003931.667:ERROR:process_reader_win.cc(123)] NtOpenThread: {Acceso denegado} Un proceso ha solicitado acceso a un objeto, pero no se le han concedido esos derechos de acceso. (0xc0000022)
[1107/003931.667:ERROR:exception_snapshot_win.cc(99)] thread ID 10752 not found in process
[1107/003931.738:ERROR:process_reader_win.cc(123)] NtOpenThread: {Acceso denegado} Un proceso ha solicitado acceso a un objeto, pero no se le han concedido esos derechos de acceso. (0xc0000022)
[1107/003931.738:ERROR:exception_snapshot_win.cc(99)] thread ID 9944 not found in process
[1107/003931.822:ERROR:process_reader_win.cc(123)] NtOpenThread: {Acceso denegado} Un proceso ha solicitado acceso a un objeto, pero no se le han concedido esos derechos de acceso. (0xc0000022)
[1107/003931.822:ERROR:exception_snapshot_win.cc(99)] thread ID 2988 not found in process
[1107/003931.940:ERROR:process_reader_win.cc(123)] NtOpenThread: {Acceso denegado} Un proceso ha solicitado acceso a un objeto, pero no se le han concedido esos derechos de acceso. (0xc0000022)
[1107/003931.940:ERROR:exception_snapshot_win.cc(99)] thread ID 7636 not found in process
[1107/003932.087:ERROR:process_reader_win.cc(123)] NtOpenThread: {Acceso denegado} Un proceso ha solicitado acceso a un objeto, pero no se le han concedido esos derechos de acceso. (0xc0000022)
[1107/003932.087:ERROR:exception_snapshot_win.cc(99)] thread ID 3668 not found in process
[1107/004950.381:ERROR:directory_reader_win.cc(43)] FindFirstFile: El sistema no puede encontrar la ruta especificada. (0x3)
[1107/005518.219:ERROR:process_reader_win.cc(123)] NtOpenThread: {Acceso denegado} Un proceso ha solicitado acceso a un objeto, pero no se le han concedido esos derechos de acceso. (0xc0000022)
[1107/005518.221:ERROR:exception_snapshot_win.cc(99)] thread ID 4936 not found in process
[1107/005518.229:ERROR:process_reader_win.cc(151)] SuspendThread: Acceso denegado. (0x5)
[1107/005518.229:ERROR:process_reader_win.cc(151)] SuspendThread: Acceso denegado. (0x5)
[1107/005518.229:ERROR:process_reader_win.cc(123)] NtOpenThread: {Acceso denegado} Un proceso ha solicitado acceso a un objeto, pero no se le han concedido esos derechos de acceso. (0xc0000022)
[1107/005518.229:ERROR:exception_snapshot_win.cc(99)] thread ID 8964 not found in process
[1107/005518.233:ERROR:process_reader_win.cc(123)] NtOpenThread: {Acceso denegado} Un proceso ha solicitado acceso a un objeto, pero no se le han concedido esos derechos de acceso. (0xc0000022)
[1107/005518.233:ERROR:exception_snapshot_win.cc(99)] thread ID 7580 not found in process
[1107/005518.235:ERROR:process_reader_win.cc(123)] NtOpenThread: {Acceso denegado} Un proceso ha solicitado acceso a un objeto, pero no se le han concedido esos derechos de acceso. (0xc0000022)
[1107/005518.235:ERROR:exception_snapshot_win.cc(99)] thread ID 5936 not found in process
[1107/005518.256:ERROR:process_reader_win.cc(123)] NtOpenThread: {Acceso denegado} Un proceso ha solicitado acceso a un objeto, pero no se le han concedido esos derechos de acceso. (0xc0000022)
[1107/005518.256:ERROR:exception_snapshot_win.cc(99)] thread ID 9360 not found in process
[1107/005518.258:ERROR:process_reader_win.cc(123)] NtOpenThread: {Acceso denegado} Un proceso ha solicitado acceso a un objeto, pero no se le han concedido esos derechos de acceso. (0xc0000022)
[1107/005518.258:ERROR:exception_snapshot_win.cc(99)] thread ID 11020 not found in process
[1107/005518.264:ERROR:process_reader_win.cc(151)] SuspendThread: Acceso denegado. (0x5)
[1107/005518.264:ERROR:process_reader_win.cc(123)] NtOpenThread: {Acceso denegado} Un proceso ha solicitado acceso a un objeto, pero no se le han concedido esos derechos de acceso. (0xc0000022)
[1107/005518.264:ERROR:exception_snapshot_win.cc(99)] thread ID 1560 not found in process
[1107/005518.282:ERROR:process_reader_win.cc(123)] NtOpenThread: {Acceso denegado} Un proceso ha solicitado acceso a un objeto, pero no se le han concedido esos derechos de acceso. (0xc0000022)
[1107/005518.282:ERROR:exception_snapshot_win.cc(99)] thread ID 7628 not found in process
[1107/011255.202:ERROR:process_reader_win.cc(123)] NtOpenThread: {Acceso denegado} Un proceso ha solicitado acceso a un objeto, pero no se le han concedido esos derechos de acceso. (0xc0000022)
[1107/011255.204:ERROR:exception_snapshot_win.cc(99)] thread ID 6384 not found in process
[1107/011255.316:ERROR:process_reader_win.cc(123)] NtOpenThread: {Acceso denegado} Un proceso ha solicitado acceso a un objeto, pero no se le han concedido esos derechos de acceso. (0xc0000022)
[1107/011255.316:ERROR:exception_snapshot_win.cc(99)] thread ID 5492 not found in process
[1107/011255.409:ERROR:process_reader_win.cc(123)] NtOpenThread: {Acceso denegado} Un proceso ha solicitado acceso a un objeto, pero no se le han concedido esos derechos de acceso. (0xc0000022)
[1107/011255.409:ERROR:exception_snapshot_win.cc(99)] thread ID 10712 not found in process
[1107/011255.611:ERROR:process_reader_win.cc(123)] NtOpenThread: {Acceso denegado} Un proceso ha solicitado acceso a un objeto, pero no se le han concedido esos derechos de acceso. (0xc0000022)
[1107/011255.612:ERROR:exception_snapshot_win.cc(99)] thread ID 6920 not found in process
[1107/012504.710:ERROR:directory_reader_win.cc(43)] FindFirstFile: El sistema no puede encontrar la ruta especificada. (0x3)
[1107/012537.047:ERROR:process_reader_win.cc(151)] SuspendThread: Acceso denegado. (0x5)
[1107/012537.049:ERROR:process_reader_win.cc(123)] NtOpenThread: {Acceso denegado} Un proceso ha solicitado acceso a un objeto, pero no se le han concedido esos derechos de acceso. (0xc0000022)
[1107/012537.049:ERROR:exception_snapshot_win.cc(99)] thread ID 1736 not found in process
[1107/012537.119:ERROR:process_reader_win.cc(151)] SuspendThread: Acceso denegado. (0x5)
[1107/012537.119:ERROR:process_reader_win.cc(151)] SuspendThread: Acceso denegado. (0x5)
[1107/012537.119:ERROR:process_reader_win.cc(151)] SuspendThread: Acceso denegado. (0x5)
[1107/012537.119:ERROR:process_reader_win.cc(151)] SuspendThread: Acceso denegado. (0x5)
[1107/012537.119:ERROR:process_reader_win.cc(151)] SuspendThread: Acceso denegado. (0x5)
[1107/012537.119:ERROR:process_reader_win.cc(123)] NtOpenThread: {Acceso denegado} Un proceso ha solicitado acceso a un objeto, pero no se le han concedido esos derechos de acceso. (0xc0000022)
[1107/012537.119:ERROR:exception_snapshot_win.cc(99)] thread ID 6720 not found in process
[1107/012537.150:ERROR:process_reader_win.cc(151)] SuspendThread: Acceso denegado. (0x5)
[1107/012537.150:ERROR:process_reader_win.cc(151)] SuspendThread: Acceso denegado. (0x5)
[1107/012537.150:ERROR:process_reader_win.cc(151)] SuspendThread: Acceso denegado. (0x5)
[1107/012537.150:ERROR:process_reader_win.cc(151)] SuspendThread: Acceso denegado. (0x5)
[1107/012537.150:ERROR:process_reader_win.cc(151)] SuspendThread: Acceso denegado. (0x5)
[1107/012537.150:ERROR:process_reader_win.cc(151)] SuspendThread: Acceso denegado. (0x5)
[1107/012537.150:ERROR:process_reader_win.cc(151)] SuspendThread: Acceso denegado. (0x5)
[1107/012537.150:ERROR:process_reader_win.cc(123)] NtOpenThread: {Acceso denegado} Un proceso ha solicitado acceso a un objeto, pero no se le han concedido esos derechos de acceso. (0xc0000022)
[1107/012537.151:ERROR:exception_snapshot_win.cc(99)] thread ID 8020 not found in process
[1107/012537.160:ERROR:process_reader_win.cc(123)] NtOpenThread: {Acceso denegado} Un proceso ha solicitado acceso a un objeto, pero no se le han concedido esos derechos de acceso. (0xc0000022)
[1107/012537.160:ERROR:exception_snapshot_win.cc(99)] thread ID 6180 not found in process
[1107/012537.164:ERROR:process_reader_win.cc(151)] SuspendThread: Acceso denegado. (0x5)
[1107/012537.164:ERROR:process_reader_win.cc(123)] NtOpenThread: {Acceso denegado} Un proceso ha solicitado acceso a un objeto, pero no se le han concedido esos derechos de acceso. (0xc0000022)
[1107/012537.164:ERROR:exception_snapshot_win.cc(99)] thread ID 8872 not found in process
[1107/012537.180:ERROR:process_reader_win.cc(151)] SuspendThread: Acceso denegado. (0x5)
[1107/012537.180:ERROR:process_reader_win.cc(123)] NtOpenThread: {Acceso denegado} Un proceso ha solicitado acceso a un objeto, pero no se le han concedido esos derechos de acceso. (0xc0000022)
[1107/012537.180:ERROR:exception_snapshot_win.cc(99)] thread ID 824 not found in process
[1107/012537.285:ERROR:process_reader_win.cc(123)] NtOpenThread: {Acceso denegado} Un proceso ha solicitado acceso a un objeto, pero no se le han concedido esos derechos de acceso. (0xc0000022)
[1107/012537.286:ERROR:exception_snapshot_win.cc(99)] thread ID 6920 not found in process
[1107/012537.298:ERROR:process_reader_win.cc(123)] NtOpenThread: {Acceso denegado} Un proceso ha solicitado acceso a un objeto, pero no se le han concedido esos derechos de acceso. (0xc0000022)
[1107/012537.298:ERROR:exception_snapshot_win.cc(99)] thread ID 9964 not found in process
[1107/012537.360:ERROR:process_reader_win.cc(151)] SuspendThread: Acceso denegado. (0x5)
[1107/012537.360:ERROR:process_reader_win.cc(151)] SuspendThread: Acceso denegado. (0x5)
[1107/012537.360:ERROR:process_reader_win.cc(123)] NtOpenThread: {Acceso denegado} Un proceso ha solicitado acceso a un objeto, pero no se le han concedido esos derechos de acceso. (0xc0000022)
[1107/012537.360:ERROR:exception_snapshot_win.cc(99)] thread ID 8332 not found in process
[1107/012537.367:ERROR:process_reader_win.cc(123)] NtOpenThread: {Acceso denegado} Un proceso ha solicitado acceso a un objeto, pero no se le han concedido esos derechos de acceso. (0xc0000022)
[1107/012537.367:ERROR:exception_snapshot_win.cc(99)] thread ID 1604 not found in process
[1107/012845.992:ERROR:process_reader_win.cc(123)] NtOpenThread: {Acceso denegado} Un proceso ha solicitado acceso a un objeto, pero no se le han concedido esos derechos de acceso. (0xc0000022)
[1107/012845.994:ERROR:exception_snapshot_win.cc(99)] thread ID 11164 not found in process
[1107/012846.008:ERROR:process_reader_win.cc(151)] SuspendThread: Acceso denegado. (0x5)
[1107/012846.009:ERROR:process_reader_win.cc(151)] SuspendThread: Acceso denegado. (0x5)
[1107/012846.009:ERROR:process_reader_win.cc(151)] SuspendThread: Acceso denegado. (0x5)
[1107/012846.009:ERROR:process_reader_win.cc(151)] SuspendThread: Acceso denegado. (0x5)
[1107/012846.009:ERROR:process_reader_win.cc(151)] SuspendThread: Acceso denegado. (0x5)
[1107/012846.009:ERROR:process_reader_win.cc(123)] NtOpenThread: {Acceso denegado} Un proceso ha solicitado acceso a un objeto, pero no se le han concedido esos derechos de acceso. (0xc0000022)
[1107/012846.009:ERROR:exception_snapshot_win.cc(99)] thread ID 7036 not found in process
[1107/012846.060:ERROR:process_reader_win.cc(123)] NtOpenThread: {Acceso denegado} Un proceso ha solicitado acceso a un objeto, pero no se le han concedido esos derechos de acceso. (0xc0000022)
[1107/012846.060:ERROR:exception_snapshot_win.cc(99)] thread ID 4904 not found in process
[1107/012846.161:ERROR:process_reader_win.cc(123)] NtOpenThread: {Acceso denegado} Un proceso ha solicitado acceso a un objeto, pero no se le han concedido esos derechos de acceso. (0xc0000022)
[1107/012846.162:ERROR:exception_snapshot_win.cc(99)] thread ID 8372 not found in process
[1107/013631.635:ERROR:process_reader_win.cc(123)] NtOpenThread: {Acceso denegado} Un proceso ha solicitado acceso a un objeto, pero no se le han concedido esos derechos de acceso. (0xc0000022)
[1107/013631.637:ERROR:exception_snapshot_win.cc(99)] thread ID 5456 not found in process
[1107/013631.726:ERROR:process_reader_win.cc(123)] NtOpenThread: {Acceso denegado} Un proceso ha solicitado acceso a un objeto, pero no se le han concedido esos derechos de acceso. (0xc0000022)
[1107/013631.726:ERROR:exception_snapshot_win.cc(99)] thread ID 5468 not found in process
[1107/013631.809:ERROR:process_reader_win.cc(123)] NtOpenThread: {Acceso denegado} Un proceso ha solicitado acceso a un objeto, pero no se le han concedido esos derechos de acceso. (0xc0000022)
[1107/013631.809:ERROR:exception_snapshot_win.cc(99)] thread ID 8476 not found in process
[1107/013631.991:ERROR:process_reader_win.cc(123)] NtOpenThread: {Acceso denegado} Un proceso ha solicitado acceso a un objeto, pero no se le han concedido esos derechos de acceso. (0xc0000022)
[1107/013631.991:ERROR:exception_snapshot_win.cc(99)] thread ID 7544 not found in process
[1107/014642.199:ERROR:directory_reader_win.cc(43)] FindFirstFile: El sistema no puede encontrar la ruta especificada. (0x3)
[1107/030138.854:ERROR:process_reader_win.cc(123)] NtOpenThread: {Acceso denegado} Un proceso ha solicitado acceso a un objeto, pero no se le han concedido esos derechos de acceso. (0xc0000022)
[1107/030138.856:ERROR:exception_snapshot_win.cc(99)] thread ID 7236 not found in process
[1107/030138.867:ERROR:process_reader_win.cc(123)] NtOpenThread: {Acceso denegado} Un proceso ha solicitado acceso a un objeto, pero no se le han concedido esos derechos de acceso. (0xc0000022)
[1107/030138.867:ERROR:exception_snapshot_win.cc(99)] thread ID 5144 not found in process
[1107/030138.954:ERROR:process_reader_win.cc(123)] NtOpenThread: {Acceso denegado} Un proceso ha solicitado acceso a un objeto, pero no se le han concedido esos derechos de acceso. (0xc0000022)
[1107/030138.954:ERROR:exception_snapshot_win.cc(99)] thread ID 9340 not found in process
[1107/030138.980:ERROR:process_reader_win.cc(123)] NtOpenThread: {Acceso denegado} Un proceso ha solicitado acceso a un objeto, pero no se le han concedido esos derechos de acceso. (0xc0000022)
[1107/030138.981:ERROR:exception_snapshot_win.cc(99)] thread ID 10508 not found in process
[1107/031056.484:ERROR:process_reader_win.cc(151)] SuspendThread: Acceso denegado. (0x5)
[1107/031056.488:ERROR:process_reader_win.cc(151)] SuspendThread: Acceso denegado. (0x5)
[1107/031056.488:ERROR:process_reader_win.cc(151)] SuspendThread: Acceso denegado. (0x5)
[1107/031056.488:ERROR:process_reader_win.cc(151)] SuspendThread: Acceso denegado. (0x5)
[1107/031056.488:ERROR:process_reader_win.cc(123)] NtOpenThread: {Acceso denegado} Un proceso ha solicitado acceso a un objeto, pero no se le han concedido esos derechos de acceso. (0xc0000022)
[1107/031056.489:ERROR:exception_snapshot_win.cc(99)] thread ID 10928 not found in process
[1107/031056.532:ERROR:process_reader_win.cc(151)] SuspendThread: Acceso denegado. (0x5)
[1107/031056.532:ERROR:process_reader_win.cc(151)] SuspendThread: Acceso denegado. (0x5)
[1107/031056.533:ERROR:process_reader_win.cc(123)] NtOpenThread: {Acceso denegado} Un proceso ha solicitado acceso a un objeto, pero no se le han concedido esos derechos de acceso. (0xc0000022)
[1107/031056.533:ERROR:exception_snapshot_win.cc(99)] thread ID 4656 not found in process
[1107/031056.565:ERROR:process_reader_win.cc(123)] NtOpenThread: {Acceso denegado} Un proceso ha solicitado acceso a un objeto, pero no se le han concedido esos derechos de acceso. (0xc0000022)
[1107/031056.565:ERROR:exception_snapshot_win.cc(99)] thread ID 5512 not found in process
[1107/031056.639:ERROR:process_reader_win.cc(123)] NtOpenThread: {Acceso denegado} Un proceso ha solicitado acceso a un objeto, pero no se le han concedido esos derechos de acceso. (0xc0000022)
[1107/031056.640:ERROR:exception_snapshot_win.cc(99)] thread ID 4064 not found in process
[1107/032353.404:ERROR:process_reader_win.cc(123)] NtOpenThread: {Acceso denegado} Un proceso ha solicitado acceso a un objeto, pero no se le han concedido esos derechos de acceso. (0xc0000022)
[1107/032353.406:ERROR:exception_snapshot_win.cc(99)] thread ID 11032 not found in process
[1107/032353.431:ERROR:process_reader_win.cc(123)] NtOpenThread: {Acceso denegado} Un proceso ha solicitado acceso a un objeto, pero no se le han concedido esos derechos de acceso. (0xc0000022)
[1107/032353.431:ERROR:exception_snapshot_win.cc(99)] thread ID 4296 not found in process
[1107/032353.473:ERROR:process_reader_win.cc(123)] NtOpenThread: {Acceso denegado} Un proceso ha solicitado acceso a un objeto, pero no se le han concedido esos derechos de acceso. (0xc0000022)
[1107/032353.473:ERROR:exception_snapshot_win.cc(99)] thread ID 5924 not found in process
[1107/032353.642:ERROR:process_info.cc(329)] VirtualQueryEx: Acceso denegado. (0x5)
[1107/032353.642:ERROR:process_info.cc(556)] ReadMemoryInfo failed
[1107/032353.642:ERROR:process_memory_win.cc(39)] Failed to initialize ProcessInfo.
[1107/032353.642:ERROR:scoped_process_suspend.cc(40)] NtResumeProcess: Se intentó obtener acceso a un proceso que está cerrándose. (0xc000010a)
[1107/032618.537:ERROR:process_reader_win.cc(123)] NtOpenThread: {Acceso denegado} Un proceso ha solicitado acceso a un objeto, pero no se le han concedido esos derechos de acceso. (0xc0000022)
[1107/032618.539:ERROR:exception_snapshot_win.cc(99)] thread ID 7660 not found in process
[1107/032618.539:ERROR:scoped_process_suspend.cc(31)] NtSuspendProcess: Se intentó obtener acceso a un proceso que está cerrándose. (0xc000010a)
[1107/032618.539:ERROR:process_info.cc(118)] ReadProcessMemory bool __cdecl crashpad::(anonymous namespace)::ReadStruct(HANDLE, crashpad::WinVMAddress, T *) [T = crashpad::process_types::PEB<crashpad::process_types::internal::Traits64>]: Sólo se completó una parte de una solicitud ReadProcessMemory o WriteProcessMemory. (0x12B)
[1107/032618.539:ERROR:process_info.cc(551)] ReadProcessData failed
[1107/032618.626:ERROR:process_reader_win.cc(123)] NtOpenThread: {Acceso denegado} Un proceso ha solicitado acceso a un objeto, pero no se le han concedido esos derechos de acceso. (0xc0000022)
[1107/032618.626:ERROR:exception_snapshot_win.cc(99)] thread ID 5720 not found in process
[1107/032618.810:ERROR:process_info.cc(329)] VirtualQueryEx: Acceso denegado. (0x5)
[1107/032618.810:ERROR:process_info.cc(556)] ReadMemoryInfo failed
[1107/032618.810:ERROR:process_memory_win.cc(39)] Failed to initialize ProcessInfo.
[1107/032618.810:ERROR:scoped_process_suspend.cc(40)] NtResumeProcess: Se intentó obtener acceso a un proceso que está cerrándose. (0xc000010a)
[1107/032915.316:ERROR:process_reader_win.cc(151)] SuspendThread: Acceso denegado. (0x5)
[1107/032915.318:ERROR:process_reader_win.cc(151)] SuspendThread: Acceso denegado. (0x5)
[1107/032915.318:ERROR:process_reader_win.cc(151)] SuspendThread: Acceso denegado. (0x5)
[1107/032915.318:ERROR:process_reader_win.cc(151)] SuspendThread: Acceso denegado. (0x5)
[1107/032915.318:ERROR:process_reader_win.cc(151)] SuspendThread: Acceso denegado. (0x5)
[1107/032915.318:ERROR:process_reader_win.cc(151)] SuspendThread: Acceso denegado. (0x5)
[1107/032915.318:ERROR:process_reader_win.cc(151)] SuspendThread: Acceso denegado. (0x5)
[1107/032915.319:ERROR:process_reader_win.cc(151)] SuspendThread: Acceso denegado. (0x5)
[1107/032915.319:ERROR:process_reader_win.cc(151)] SuspendThread: Acceso denegado. (0x5)
[1107/032915.319:ERROR:process_reader_win.cc(123)] NtOpenThread: {Acceso denegado} Un proceso ha solicitado acceso a un objeto, pero no se le han concedido esos derechos de acceso. (0xc0000022)
[1107/032915.319:ERROR:exception_snapshot_win.cc(99)] thread ID 10392 not found in process
[1107/032915.383:ERROR:process_reader_win.cc(151)] SuspendThread: Acceso denegado. (0x5)
[1107/032915.383:ERROR:process_reader_win.cc(123)] NtOpenThread: {Acceso denegado} Un proceso ha solicitado acceso a un objeto, pero no se le han concedido esos derechos de acceso. (0xc0000022)
[1107/032915.384:ERROR:exception_snapshot_win.cc(99)] thread ID 3288 not found in process
[1107/032915.392:ERROR:process_reader_win.cc(123)] NtOpenThread: {Acceso denegado} Un proceso ha solicitado acceso a un objeto, pero no se le han concedido esos derechos de acceso. (0xc0000022)
[1107/032915.393:ERROR:exception_snapshot_win.cc(99)] thread ID 7712 not found in process
[1107/032915.396:ERROR:process_reader_win.cc(151)] SuspendThread: Acceso denegado. (0x5)
[1107/032915.396:ERROR:process_reader_win.cc(151)] SuspendThread: Acceso denegado. (0x5)
[1107/032915.396:ERROR:process_reader_win.cc(123)] NtOpenThread: {Acceso denegado} Un proceso ha solicitado acceso a un objeto, pero no se le han concedido esos derechos de acceso. (0xc0000022)
[1107/032915.396:ERROR:exception_snapshot_win.cc(99)] thread ID 5764 not found in process
[1107/033256.984:ERROR:process_reader_win.cc(123)] NtOpenThread: {Acceso denegado} Un proceso ha solicitado acceso a un objeto, pero no se le han concedido esos derechos de acceso. (0xc0000022)
[1107/033256.987:ERROR:exception_snapshot_win.cc(99)] thread ID 6964 not found in process
[1107/033257.005:ERROR:process_reader_win.cc(151)] SuspendThread: Acceso denegado. (0x5)
[1107/033257.005:ERROR:process_reader_win.cc(151)] SuspendThread: Acceso denegado. (0x5)
[1107/033257.006:ERROR:process_reader_win.cc(151)] SuspendThread: Acceso denegado. (0x5)
[1107/033257.006:ERROR:process_reader_win.cc(151)] SuspendThread: Acceso denegado. (0x5)
[1107/033257.006:ERROR:process_reader_win.cc(151)] SuspendThread: Acceso denegado. (0x5)
[1107/033257.006:ERROR:process_reader_win.cc(123)] NtOpenThread: {Acceso denegado} Un proceso ha solicitado acceso a un objeto, pero no se le han concedido esos derechos de acceso. (0xc0000022)
[1107/033257.006:ERROR:exception_snapshot_win.cc(99)] thread ID 824 not found in process
[1107/033257.086:ERROR:process_reader_win.cc(151)] SuspendThread: Acceso denegado. (0x5)
[1107/033257.086:ERROR:process_reader_win.cc(151)] SuspendThread: Acceso denegado. (0x5)
[1107/033257.086:ERROR:process_reader_win.cc(151)] SuspendThread: Acceso denegado. (0x5)
[1107/033257.086:ERROR:process_reader_win.cc(151)] SuspendThread: Acceso denegado. (0x5)
[1107/033257.086:ERROR:process_reader_win.cc(151)] SuspendThread: Acceso denegado. (0x5)
[1107/033257.087:ERROR:process_reader_win.cc(151)] SuspendThread: Acceso denegado. (0x5)
[1107/033257.087:ERROR:process_reader_win.cc(123)] NtOpenThread: {Acceso denegado} Un proceso ha solicitado acceso a un objeto, pero no se le han concedido esos derechos de acceso. (0xc0000022)
[1107/033257.087:ERROR:exception_snapshot_win.cc(99)] thread ID 7248 not found in process
[1107/033257.268:ERROR:process_info.cc(329)] VirtualQueryEx: Acceso denegado. (0x5)
[1107/033257.268:ERROR:process_info.cc(556)] ReadMemoryInfo failed
[1107/033257.268:ERROR:process_memory_win.cc(39)] Failed to initialize ProcessInfo.
[1107/033257.268:ERROR:scoped_process_suspend.cc(40)] NtResumeProcess: Se intentó obtener acceso a un proceso que está cerrándose. (0xc000010a)
[1107/033948.736:ERROR:process_reader_win.cc(123)] NtOpenThread: {Acceso denegado} Un proceso ha solicitado acceso a un objeto, pero no se le han concedido esos derechos de acceso. (0xc0000022)
[1107/033948.740:ERROR:exception_snapshot_win.cc(99)] thread ID 6828 not found in process
[1107/033948.821:ERROR:process_reader_win.cc(151)] SuspendThread: Acceso denegado. (0x5)
[1107/033948.821:ERROR:process_reader_win.cc(123)] NtOpenThread: {Acceso denegado} Un proceso ha solicitado acceso a un objeto, pero no se le han concedido esos derechos de acceso. (0xc0000022)
[1107/033948.821:ERROR:exception_snapshot_win.cc(99)] thread ID 10576 not found in process
[1107/033948.856:ERROR:process_reader_win.cc(123)] NtOpenThread: {Acceso denegado} Un proceso ha solicitado acceso a un objeto, pero no se le han concedido esos derechos de acceso. (0xc0000022)
[1107/033948.856:ERROR:exception_snapshot_win.cc(99)] thread ID 9416 not found in process
[1107/033948.905:ERROR:process_reader_win.cc(123)] NtOpenThread: {Acceso denegado} Un proceso ha solicitado acceso a un objeto, pero no se le han concedido esos derechos de acceso. (0xc0000022)
[1107/033948.906:ERROR:exception_snapshot_win.cc(99)] thread ID 10676 not found in process
[1107/033948.906:ERROR:scoped_process_suspend.cc(40)] NtResumeProcess: Se intentó obtener acceso a un proceso que está cerrándose. (0xc000010a)
[1107/035158.601:ERROR:directory_reader_win.cc(43)] FindFirstFile: El sistema no puede encontrar la ruta especificada. (0x3)
[1107/035653.480:ERROR:process_reader_win.cc(151)] SuspendThread: Acceso denegado. (0x5)
[1107/035653.480:ERROR:process_reader_win.cc(123)] NtOpenThread: {Acceso denegado} Un proceso ha solicitado acceso a un objeto, pero no se le han concedido esos derechos de acceso. (0xc0000022)
[1107/035653.480:ERROR:exception_snapshot_win.cc(99)] thread ID 9700 not found in process
[1107/035653.490:ERROR:process_reader_win.cc(151)] SuspendThread: Acceso denegado. (0x5)
[1107/035653.490:ERROR:process_reader_win.cc(151)] SuspendThread: Acceso denegado. (0x5)
[1107/035653.491:ERROR:process_reader_win.cc(151)] SuspendThread: Acceso denegado. (0x5)
[1107/035653.491:ERROR:process_reader_win.cc(151)] SuspendThread: Acceso denegado. (0x5)
[1107/035653.491:ERROR:process_reader_win.cc(151)] SuspendThread: Acceso denegado. (0x5)
[1107/035653.491:ERROR:process_reader_win.cc(151)] SuspendThread: Acceso denegado. (0x5)
[1107/035653.491:ERROR:process_reader_win.cc(151)] SuspendThread: Acceso denegado. (0x5)
[1107/035653.491:ERROR:process_reader_win.cc(123)] NtOpenThread: {Acceso denegado} Un proceso ha solicitado acceso a un objeto, pero no se le han concedido esos derechos de acceso. (0xc0000022)
[1107/035653.491:ERROR:exception_snapshot_win.cc(99)] thread ID 10748 not found in process
[1107/035653.597:ERROR:process_reader_win.cc(123)] NtOpenThread: {Acceso denegado} Un proceso ha solicitado acceso a un objeto, pero no se le han concedido esos derechos de acceso. (0xc0000022)
[1107/035653.597:ERROR:exception_snapshot_win.cc(99)] thread ID 316 not found in process
[1107/035653.685:ERROR:process_info.cc(329)] VirtualQueryEx: Acceso denegado. (0x5)
[1107/035653.685:ERROR:process_info.cc(556)] ReadMemoryInfo failed
[1107/035653.685:ERROR:process_memory_win.cc(39)] Failed to initialize ProcessInfo.
[1107/035653.685:ERROR:scoped_process_suspend.cc(40)] NtResumeProcess: Se intentó obtener acceso a un proceso que está cerrándose. (0xc000010a)
[1107/040935.478:ERROR:directory_reader_win.cc(43)] FindFirstFile: El sistema no puede encontrar la ruta especificada. (0x3)
[1107/041926.671:ERROR:process_reader_win.cc(151)] SuspendThread: Acceso denegado. (0x5)
[1107/041926.671:ERROR:process_reader_win.cc(151)] SuspendThread: Acceso denegado. (0x5)
[1107/041926.671:ERROR:process_reader_win.cc(151)] SuspendThread: Acceso denegado. (0x5)
[1107/041926.671:ERROR:process_reader_win.cc(151)] SuspendThread: Acceso denegado. (0x5)
[1107/041926.671:ERROR:process_reader_win.cc(151)] SuspendThread: Acceso denegado. (0x5)
[1107/041926.671:ERROR:process_reader_win.cc(123)] NtOpenThread: {Acceso denegado} Un proceso ha solicitado acceso a un objeto, pero no se le han concedido esos derechos de acceso. (0xc0000022)
[1107/041926.672:ERROR:exception_snapshot_win.cc(99)] thread ID 4724 not found in process
[1107/041926.817:ERROR:process_reader_win.cc(123)] NtOpenThread: {Acceso denegado} Un proceso ha solicitado acceso a un objeto, pero no se le han concedido esos derechos de acceso. (0xc0000022)
[1107/041926.817:ERROR:exception_snapshot_win.cc(99)] thread ID 9956 not found in process
[1107/041927.018:ERROR:process_reader_win.cc(123)] NtOpenThread: {Acceso denegado} Un proceso ha solicitado acceso a un objeto, pero no se le han concedido esos derechos de acceso. (0xc0000022)
[1107/041927.018:ERROR:exception_snapshot_win.cc(99)] thread ID 9152 not found in process
[1107/041927.130:ERROR:process_reader_win.cc(123)] NtOpenThread: {Acceso denegado} Un proceso ha solicitado acceso a un objeto, pero no se le han concedido esos derechos de acceso. (0xc0000022)
[1107/041927.130:ERROR:exception_snapshot_win.cc(99)] thread ID 10120 not found in process
[1107/042938.559:ERROR:directory_reader_win.cc(43)] FindFirstFile: El sistema no puede encontrar la ruta especificada. (0x3)
[1107/043536.171:ERROR:process_reader_win.cc(123)] NtOpenThread: {Acceso denegado} Un proceso ha solicitado acceso a un objeto, pero no se le han concedido esos derechos de acceso. (0xc0000022)
[1107/043536.172:ERROR:exception_snapshot_win.cc(99)] thread ID 6616 not found in process
[1107/043536.358:ERROR:process_reader_win.cc(123)] NtOpenThread: {Acceso denegado} Un proceso ha solicitado acceso a un objeto, pero no se le han concedido esos derechos de acceso. (0xc0000022)
[1107/043536.358:ERROR:exception_snapshot_win.cc(99)] thread ID 9212 not found in process
[1107/043536.536:ERROR:process_reader_win.cc(123)] NtOpenThread: {Acceso denegado} Un proceso ha solicitado acceso a un objeto, pero no se le han concedido esos derechos de acceso. (0xc0000022)
[1107/043536.536:ERROR:exception_snapshot_win.cc(99)] thread ID 9700 not found in process
[1107/043536.664:ERROR:process_reader_win.cc(123)] NtOpenThread: {Acceso denegado} Un proceso ha solicitado acceso a un objeto, pero no se le han concedido esos derechos de acceso. (0xc0000022)
[1107/043536.664:ERROR:exception_snapshot_win.cc(99)] thread ID 1172 not found in process
[1107/044553.988:ERROR:directory_reader_win.cc(43)] FindFirstFile: El sistema no puede encontrar la ruta especificada. (0x3)
[1107/050025.470:ERROR:process_reader_win.cc(123)] NtOpenThread: {Acceso denegado} Un proceso ha solicitado acceso a un objeto, pero no se le han concedido esos derechos de acceso. (0xc0000022)
[1107/050025.474:ERROR:exception_snapshot_win.cc(99)] thread ID 10016 not found in process
[1107/050025.600:ERROR:process_reader_win.cc(123)] NtOpenThread: {Acceso denegado} Un proceso ha solicitado acceso a un objeto, pero no se le han concedido esos derechos de acceso. (0xc0000022)
[1107/050025.600:ERROR:exception_snapshot_win.cc(99)] thread ID 12884 not found in process
[1107/050025.766:ERROR:process_reader_win.cc(123)] NtOpenThread: {Acceso denegado} Un proceso ha solicitado acceso a un objeto, pero no se le han concedido esos derechos de acceso. (0xc0000022)
[1107/050025.766:ERROR:exception_snapshot_win.cc(99)] thread ID 13136 not found in process
[1107/050025.985:ERROR:process_reader_win.cc(123)] NtOpenThread: {Acceso denegado} Un proceso ha solicitado acceso a un objeto, pero no se le han concedido esos derechos de acceso. (0xc0000022)
[1107/050025.985:ERROR:exception_snapshot_win.cc(99)] thread ID 12484 not found in process
[1107/050708.864:ERROR:process_reader_win.cc(151)] SuspendThread: Acceso denegado. (0x5)
[1107/050708.869:ERROR:process_reader_win.cc(151)] SuspendThread: Acceso denegado. (0x5)
[1107/050708.869:ERROR:process_reader_win.cc(151)] SuspendThread: Acceso denegado. (0x5)
[1107/050708.869:ERROR:process_reader_win.cc(151)] SuspendThread: Acceso denegado. (0x5)
[1107/050708.869:ERROR:process_reader_win.cc(151)] SuspendThread: Acceso denegado. (0x5)
[1107/050708.869:ERROR:process_reader_win.cc(151)] SuspendThread: Acceso denegado. (0x5)
[1107/050708.869:ERROR:process_reader_win.cc(151)] SuspendThread: Acceso denegado. (0x5)
[1107/050708.869:ERROR:process_reader_win.cc(151)] SuspendThread: Acceso denegado. (0x5)
[1107/050708.869:ERROR:process_reader_win.cc(151)] SuspendThread: Acceso denegado. (0x5)
[1107/050708.869:ERROR:process_reader_win.cc(151)] SuspendThread: Acceso denegado. (0x5)
[1107/050708.869:ERROR:process_reader_win.cc(151)] SuspendThread: Acceso denegado. (0x5)
[1107/050708.869:ERROR:process_reader_win.cc(151)] SuspendThread: Acceso denegado. (0x5)
[1107/050708.869:ERROR:process_reader_win.cc(151)] SuspendThread: Acceso denegado. (0x5)
[1107/050708.870:ERROR:process_reader_win.cc(151)] SuspendThread: Acceso denegado. (0x5)
[1107/050708.870:ERROR:process_reader_win.cc(123)] NtOpenThread: {Acceso denegado} Un proceso ha solicitado acceso a un objeto, pero no se le han concedido esos derechos de acceso. (0xc0000022)
[1107/050708.870:ERROR:exception_snapshot_win.cc(99)] thread ID 9928 not found in process
[1107/050709.012:ERROR:process_reader_win.cc(123)] NtOpenThread: {Acceso denegado} Un proceso ha solicitado acceso a un objeto, pero no se le han concedido esos derechos de acceso. (0xc0000022)
[1107/050709.012:ERROR:exception_snapshot_win.cc(99)] thread ID 12608 not found in process
[1107/050709.164:ERROR:process_reader_win.cc(123)] NtOpenThread: {Acceso denegado} Un proceso ha solicitado acceso a un objeto, pero no se le han concedido esos derechos de acceso. (0xc0000022)
[1107/050709.165:ERROR:exception_snapshot_win.cc(99)] thread ID 6464 not found in process
[1107/050709.391:ERROR:process_reader_win.cc(123)] NtOpenThread: {Acceso denegado} Un proceso ha solicitado acceso a un objeto, pero no se le han concedido esos derechos de acceso. (0xc0000022)
[1107/050709.391:ERROR:exception_snapshot_win.cc(99)] thread ID 13280 not found in process
[1108/014945.242:ERROR:directory_reader_win.cc(43)] FindFirstFile: El sistema no puede encontrar la ruta especificada. (0x3)
[1108/022925.508:ERROR:process_reader_win.cc(123)] NtOpenThread: {Acceso denegado} Un proceso ha solicitado acceso a un objeto, pero no se le han concedido esos derechos de acceso. (0xc0000022)
[1108/022925.509:ERROR:exception_snapshot_win.cc(99)] thread ID 9324 not found in process
[1108/022925.661:ERROR:process_reader_win.cc(123)] NtOpenThread: {Acceso denegado} Un proceso ha solicitado acceso a un objeto, pero no se le han concedido esos derechos de acceso. (0xc0000022)
[1108/022925.661:ERROR:exception_snapshot_win.cc(99)] thread ID 8624 not found in process
[1108/022925.760:ERROR:process_reader_win.cc(123)] NtOpenThread: {Acceso denegado} Un proceso ha solicitado acceso a un objeto, pero no se le han concedido esos derechos de acceso. (0xc0000022)
[1108/022925.760:ERROR:exception_snapshot_win.cc(99)] thread ID 9040 not found in process
[1108/022925.896:ERROR:process_reader_win.cc(123)] NtOpenThread: {Acceso denegado} Un proceso ha solicitado acceso a un objeto, pero no se le han concedido esos derechos de acceso. (0xc0000022)
[1108/022925.896:ERROR:exception_snapshot_win.cc(99)] thread ID 9768 not found in process
[1108/022926.054:ERROR:process_reader_win.cc(123)] NtOpenThread: {Acceso denegado} Un proceso ha solicitado acceso a un objeto, pero no se le han concedido esos derechos de acceso. (0xc0000022)
[1108/022926.054:ERROR:exception_snapshot_win.cc(99)] thread ID 9972 not found in process
